<?xml version="1.0" encoding="UTF-8"?>
<!-- Generated by org.testng.reporters.JUnitXMLReporter -->
<testsuite ignored="0" hostname="DESKTOP-5C2QEP9" failures="0" tests="1" name="Run Regression Chrome Suite" time="0.649" errors="0" timestamp="2023-04-11T10:30:41 IST">
  <testcase classname="com.test.practice.RegressionSuiteRunner" name="@BeforeClass beforeClass" time="0.584">
    <failure type="io.cucumber.core.gherkin.FeatureParserException" message="Failed to parse resource at: file:///C:/Users/ADMIN/git/batch2repo/My-Test-Project/./src/test/java/com/test/resouces/features/Forms/TextBox.feature
(38:1): expected: #EOF, #TableRow, #DocStringSeparator, #StepLine, #TagLine, #ExamplesLine, #ScenarioLine, #RuleLine, #Comment, #Empty, got &amp;apos;&amp;gt;&amp;gt;&amp;gt;&amp;gt;&amp;gt;&amp;gt;&amp;gt; a461f098b0e52307142def0d8ddcc4596f0bcfb3:My-Test-Project/src/test/java/com/test/resouces/features/elements/TextBox.feature&amp;apos;">
      <![CDATA[io.cucumber.core.gherkin.FeatureParserException: Failed to parse resource at: file:///C:/Users/ADMIN/git/batch2repo/My-Test-Project/./src/test/java/com/test/resouces/features/Forms/TextBox.feature
(38:1): expected: #EOF, #TableRow, #DocStringSeparator, #StepLine, #TagLine, #ExamplesLine, #ScenarioLine, #RuleLine, #Comment, #Empty, got '>>>>>>> a461f098b0e52307142def0d8ddcc4596f0bcfb3:My-Test-Project/src/test/java/com/test/resouces/features/elements/TextBox.feature'
at io.cucumber.core.gherkin.messages.GherkinMessagesFeatureParser.parse(GherkinMessagesFeatureParser.java:52)
at io.cucumber.core.feature.FeatureParser.parseResource(FeatureParser.java:43)
at java.base/java.util.function.BiFunction.lambda$andThen$0(BiFunction.java:70)
at io.cucumber.core.resource.ResourceScanner.lambda$processResource$1(ResourceScanner.java:79)
at io.cucumber.core.resource.PathScanner$ResourceFileVisitor.visitFile(PathScanner.java:70)
at io.cucumber.core.resource.PathScanner$ResourceFileVisitor.visitFile(PathScanner.java:55)
at java.base/java.nio.file.Files.walkFileTree(Files.java:2725)
at io.cucumber.core.resource.PathScanner.findResourcesForPath(PathScanner.java:48)
at io.cucumber.core.resource.PathScanner.findResourcesForUri(PathScanner.java:28)
at io.cucumber.core.resource.ResourceScanner.findResourcesForUri(ResourceScanner.java:61)
at io.cucumber.core.resource.ResourceScanner.scanForResourcesUri(ResourceScanner.java:134)
at io.cucumber.core.runtime.FeaturePathFeatureSupplier.loadFeatures(FeaturePathFeatureSupplier.java:62)
at io.cucumber.core.runtime.FeaturePathFeatureSupplier.get(FeaturePathFeatureSupplier.java:45)
at io.cucumber.testng.TestNGCucumberRunner.<init>(TestNGCucumberRunner.java:106)
at com.test.practice.RegressionSuiteRunner.beforeClass(RegressionSuiteRunner.java:27)
at java.base/java.util.ArrayList.forEach(ArrayList.java:1541)
... Removed 25 stack frames]]>
    </failure>
  </testcase> <!-- @BeforeClass beforeClass -->
  <testcase classname="com.test.practice.RegressionSuiteRunner" name="@AfterClass afterClass" time="-1.681189241512E9">
    <skipped/>
  </testcase> <!-- @AfterClass afterClass -->
  <testcase classname="com.test.practice.RegressionSuiteRunner" name="runScenario" time="0.0">
    <skipped/>
  </testcase> <!-- runScenario -->
</testsuite> <!-- Run Regression Chrome Suite -->
